<?xml version="1.0" encoding="UTF-8"?>
<testng-results ignored="0" total="1" passed="1" failed="0" skipped="0">
  <reporter-output>
  </reporter-output>
  <suite started-at="2023-08-24T11:27:07 EET" name="Default suite" finished-at="2023-08-24T11:27:38 EET" duration-ms="31750">
    <groups>
    </groups>
    <test started-at="2023-08-24T11:27:07 EET" name="Default test" finished-at="2023-08-24T11:27:38 EET" duration-ms="31750">
      <class name="appuimFrameworkDesign.eCommerce_Tc1">
        <test-method is-config="true" signature="extentReport()[pri:0, instance:appuimFrameworkDesign.eCommerce_Tc1@7205765b]" started-at="2023-08-24T11:27:07 EET" name="extentReport" finished-at="2023-08-24T11:27:07 EET" duration-ms="400" status="PASS">
          <reporter-output>
          </reporter-output>
        </test-method> <!-- extentReport -->
        <test-method is-config="true" signature="Config()[pri:0, instance:appuimFrameworkDesign.eCommerce_Tc1@7205765b]" started-at="2023-08-24T11:27:07 EET" name="Config" finished-at="2023-08-24T11:27:15 EET" duration-ms="8354" status="PASS">
          <reporter-output>
          </reporter-output>
        </test-method> <!-- Config -->
        <test-method signature="fillFom()[pri:0, instance:appuimFrameworkDesign.eCommerce_Tc1@7205765b]" started-at="2023-08-24T11:27:15 EET" name="fillFom" finished-at="2023-08-24T11:27:38 EET" duration-ms="22933" status="PASS">
          <reporter-output>
          </reporter-output>
        </test-method> <!-- fillFom -->
      </class> <!-- appuimFrameworkDesign.eCommerce_Tc1 -->
    </test> <!-- Default test -->
  </suite> <!-- Default suite -->
</testng-results>
